<?xml version="1.0" encoding="UTF-8"?>
<testsuite name="chap02.PasswordStrengthMeterTest" tests="1" skipped="0" failures="0" errors="0" timestamp="2022-01-08T06:00:54" hostname="Taekeunui-MacBookPro.local" time="0.014">
  <properties/>
  <testcase name="meetAllCriteriaThenStrong()" classname="chap02.PasswordStrengthMeterTest" time="0.014"/>
  <system-out><![CDATA[]]></system-out>
  <system-err><![CDATA[]]></system-err>
</testsuite>
